<?xml version="1.0" encoding="UTF-8"?>
<testng-results skipped="0" failed="0" ignored="0" total="1" passed="1">
  <reporter-output>
  </reporter-output>
  <suite name="Command line suite" duration-ms="3295" started-at="2020-03-28T15:04:59Z" finished-at="2020-03-28T15:05:02Z">
    <groups>
    </groups>
    <test name="Command line test" duration-ms="3295" started-at="2020-03-28T15:04:59Z" finished-at="2020-03-28T15:05:02Z">
      <class name="selenium.test">
        <test-method status="PASS" signature="hello()[pri:0, instance:selenium.test@27efef64]" name="hello" duration-ms="3224" started-at="2020-03-28T15:04:59Z" finished-at="2020-03-28T15:05:02Z">
          <reporter-output>
          </reporter-output>
        </test-method> <!-- hello -->
      </class> <!-- selenium.test -->
    </test> <!-- Command line test -->
  </suite> <!-- Command line suite -->
</testng-results>
